{"C:\\Users\\ronim\\OneDrive\\Escritorio\\Ejercicios UTN Backend\\Ejercicios_U7\\Ejercicio_jestSumar\\sumar.js": {"path":"C:\\Users\\ronim\\OneDrive\\Escritorio\\Ejercicios UTN Backend\\Ejercicios_U7\\Ejercicio_jestSumar\\sumar.js","statementMap":{"0":{"start":{"line":1,"column":13},"end":{"line":3,"column":1}},"1":{"start":{"line":2,"column":3},"end":{"line":2,"column":20}},"2":{"start":{"line":4,"column":0},"end":{"line":4,"column":23}}},"fnMap":{"0":{"name":"(anonymous_0)","decl":{"start":{"line":1,"column":13},"end":{"line":1,"column":14}},"loc":{"start":{"line":1,"column":26},"end":{"line":3,"column":1}},"line":1}},"branchMap":{},"s":{"0":1,"1":1,"2":1},"f":{"0":1},"b":{},"_coverageSchema":"1a1c01bbd47fc00a2c39e90264f33305004495a9","hash":"9c066dce2c317aae63b36ce7288a12295a426031"}
}
